# JRE version: Java(TM) SE Runtime Environment (9.0+11) (build 9.0.1+11)
# Java VM: Java HotSpot(TM) 64-Bit Server VM (9.0.1+11, mixed mode, tiered, compressed oops, g1 gc, windows-amd64)
Heap:
 garbage-first heap   total 79872K, used 20301K [0x00000000c1c00000, 0x00000000c1d00270, 0x0000000100000000)
  region size 1024K, 6 young (6144K), 6 survivors (6144K)
 Metaspace       used 29194K, capacity 30006K, committed 30080K, reserved 1083392K
  class space    used 3192K, capacity 3389K, committed 3456K, reserved 1048576K
GC Heap History (10 events):
Event: 1.626 GC heap after
{Heap after GC invocations=3 (full 0):
 garbage-first heap   total 65536K, used 7030K [0x00000000c1c00000, 0x00000000c1d00200, 0x0000000100000000)
  region size 1024K, 3 young (3072K), 3 survivors (3072K)
 Metaspace       used 13454K, capacity 13800K, committed 14080K, reserved 1062912K
  class space    used 1407K, capacity 1470K, committed 1536K, reserved 1048576K
}
Event: 2.744 GC heap before
{Heap before GC invocations=3 (full 0):
 garbage-first heap   total 65536K, used 41846K [0x00000000c1c00000, 0x00000000c1d00200, 0x0000000100000000)
  region size 1024K, 37 young (37888K), 3 survivors (3072K)
 Metaspace       used 18414K, capacity 18846K, committed 19072K, reserved 1067008K
  class space    used 2027K, capacity 2137K, committed 2176K, reserved 1048576K
}
Event: 2.762 GC heap after
{Heap after GC invocations=4 (full 0):
 garbage-first heap   total 65536K, used 10661K [0x00000000c1c00000, 0x00000000c1d00200, 0x0000000100000000)
  region size 1024K, 5 young (5120K), 5 survivors (5120K)
 Metaspace       used 18414K, capacity 18846K, committed 19072K, reserved 1067008K
  class space    used 2027K, capacity 2137K, committed 2176K, reserved 1048576K
}
Event: 7.233 GC heap before
{Heap before GC invocations=4 (full 0):
 garbage-first heap   total 65536K, used 39333K [0x00000000c1c00000, 0x00000000c1d00200, 0x0000000100000000)
  region size 1024K, 33 young (33792K), 5 survivors (5120K)
 Metaspace       used 20141K, capacity 20610K, committed 20736K, reserved 1067008K
  class space    used 2167K, capacity 2271K, committed 2304K, reserved 1048576K
}
Event: 7.248 GC heap after
{Heap after GC invocations=5 (full 0):
 garbage-first heap   total 79872K, used 10790K [0x00000000c1c00000, 0x00000000c1d00270, 0x0000000100000000)
  region size 1024K, 4 young (4096K), 4 survivors (4096K)
 Metaspace       used 20141K, capacity 20610K, committed 20736K, reserved 1067008K
  class space    used 2167K, capacity 2271K, committed 2304K, reserved 1048576K
}
Event: 9.210 GC heap before
{Heap before GC invocations=5 (full 0):
 garbage-first heap   total 79872K, used 21030K [0x00000000c1c00000, 0x00000000c1d00270, 0x0000000100000000)
  region size 1024K, 15 young (15360K), 4 survivors (4096K)
 Metaspace       used 20596K, capacity 21082K, committed 21296K, reserved 1069056K
  class space    used 2207K, capacity 2343K, committed 2432K, reserved 1048576K
}
Event: 9.238 GC heap after
{Heap after GC invocations=6 (full 0):
 garbage-first heap   total 79872K, used 10509K [0x00000000c1c00000, 0x00000000c1d00270, 0x0000000100000000)
  region size 1024K, 3 young (3072K), 3 survivors (3072K)
 Metaspace       used 20596K, capacity 21082K, committed 21296K, reserved 1069056K
  class space    used 2207K, capacity 2343K, committed 2432K, reserved 1048576K
}
Event: 13.875 GC heap before
{Heap before GC invocations=7 (full 0):
 garbage-first heap   total 79872K, used 54541K [0x00000000c1c00000, 0x00000000c1d00270, 0x0000000100000000)
  region size 1024K, 46 young (47104K), 3 survivors (3072K)
 Metaspace       used 27151K, capacity 27868K, committed 28160K, reserved 1075200K
  class space    used 3024K, capacity 3206K, committed 3328K, reserved 1048576K
}
Event: 13.892 GC heap after
{Heap after GC invocations=8 (full 0):
 garbage-first heap   total 79872K, used 14702K [0x00000000c1c00000, 0x00000000c1d00270, 0x0000000100000000)
  region size 1024K, 6 young (6144K), 6 survivors (6144K)
 Metaspace       used 27151K, capacity 27868K, committed 28160K, reserved 1075200K
  class space    used 3024K, capacity 3206K, committed 3328K, reserved 1048576K
}
Event: 269.561 GC heap before
{Heap before GC invocations=8 (full 0):
 garbage-first heap   total 79872K, used 42350K [0x00000000c1c00000, 0x00000000c1d00270, 0x0000000100000000)
  region size 1024K, 34 young (34816K), 6 survivors (6144K)
 Metaspace       used 29194K, capacity 30006K, committed 30080K, reserved 1081344K
  class space    used 3192K, capacity 3389K, committed 3456K, reserved 1048576K
}

